2023-12-19 02:12:609 INFO  StartPage :33 - clickOnStart: [[ChromeDriver: chrome on windows (d943b59daecc6e9bb13f43f6e3203faf)] -> xpath: //a[@class='gem-c-button govuk-button govuk-button--start']]
2023-12-19 02:12:831 INFO  SelectNationalityPage :34 - checkCountryAvailable: [[ChromeDriver: chrome on windows (d943b59daecc6e9bb13f43f6e3203faf)] -> id: response]
2023-12-19 02:12:771 INFO  StartPage :33 - clickOnStart: [[ChromeDriver: chrome on windows (05413a3b5c1a80ac63113a1d1aaf028b)] -> xpath: //a[@class='gem-c-button govuk-button govuk-button--start']]
2023-12-19 02:12:13 INFO  SelectNationalityPage :34 - checkCountryAvailable: [[ChromeDriver: chrome on windows (05413a3b5c1a80ac63113a1d1aaf028b)] -> id: response]
2023-12-19 02:12:856 INFO  StartPage :33 - clickOnStart: [[ChromeDriver: chrome on windows (e90e5ebd23b8f09be1b138913c14c333)] -> xpath: //a[@class='gem-c-button govuk-button govuk-button--start']]
2023-12-19 02:12:61 INFO  SelectNationalityPage :34 - checkCountryAvailable: [[ChromeDriver: chrome on windows (e90e5ebd23b8f09be1b138913c14c333)] -> id: response]
2023-12-19 02:12:995 INFO  StartPage :33 - clickOnStart: [[ChromeDriver: chrome on windows (b7f18fe90d71a76c409845b68d4c6958)] -> xpath: //a[@class='gem-c-button govuk-button govuk-button--start']]
2023-12-19 02:12:208 INFO  SelectNationalityPage :34 - checkCountryAvailable: [[ChromeDriver: chrome on windows (b7f18fe90d71a76c409845b68d4c6958)] -> id: response]
2023-12-19 02:12:43 INFO  StartPage :33 - clickOnStart: [[ChromeDriver: chrome on windows (cee1d9acc1a43a8273ae7211aff2beca)] -> xpath: //a[@class='gem-c-button govuk-button govuk-button--start']]
2023-12-19 02:12:258 INFO  SelectNationalityPage :34 - checkCountryAvailable: [[ChromeDriver: chrome on windows (cee1d9acc1a43a8273ae7211aff2beca)] -> id: response]
2023-12-19 02:12:925 INFO  StartPage :33 - clickOnStart: [[ChromeDriver: chrome on windows (7620ef732f07b223536d8af5f824a83b)] -> xpath: //a[@class='gem-c-button govuk-button govuk-button--start']]
2023-12-19 02:12:164 INFO  SelectNationalityPage :34 - checkCountryAvailable: [[ChromeDriver: chrome on windows (7620ef732f07b223536d8af5f824a83b)] -> id: response]
2023-12-19 02:12:848 INFO  StartPage :33 - clickOnStart: [[ChromeDriver: chrome on windows (f25d4ac1b8b11a07dd1fea14dfc365f5)] -> xpath: //a[@class='gem-c-button govuk-button govuk-button--start']]
2023-12-19 02:12:85 INFO  SelectNationalityPage :34 - checkCountryAvailable: [[ChromeDriver: chrome on windows (f25d4ac1b8b11a07dd1fea14dfc365f5)] -> id: response]
2023-12-19 02:12:150 INFO  StartPage :33 - clickOnStart: [[ChromeDriver: chrome on windows (f696704f808beb8a27d87393bdd58cd1)] -> xpath: //a[@class='gem-c-button govuk-button govuk-button--start']]
2023-12-19 02:12:408 INFO  SelectNationalityPage :34 - checkCountryAvailable: [[ChromeDriver: chrome on windows (f696704f808beb8a27d87393bdd58cd1)] -> id: response]
2023-12-19 02:12:206 INFO  StartPage :33 - clickOnStart: [[ChromeDriver: chrome on windows (d96604c838521b43a10d7c1ae438560e)] -> xpath: //a[@class='gem-c-button govuk-button govuk-button--start']]
2023-12-19 02:12:420 INFO  SelectNationalityPage :34 - checkCountryAvailable: [[ChromeDriver: chrome on windows (d96604c838521b43a10d7c1ae438560e)] -> id: response]
2023-12-19 02:12:62 INFO  StartPage :33 - clickOnStart: [[ChromeDriver: chrome on windows (2e1691b306061c429df14459754f68a2)] -> xpath: //a[@class='gem-c-button govuk-button govuk-button--start']]
2023-12-19 02:12:303 INFO  SelectNationalityPage :34 - checkCountryAvailable: [[ChromeDriver: chrome on windows (2e1691b306061c429df14459754f68a2)] -> id: response]
2023-12-19 02:12:873 INFO  StartPage :33 - clickOnStart: [[ChromeDriver: chrome on windows (79b943c164029724e58008a587fbe2ef)] -> xpath: //a[@class='gem-c-button govuk-button govuk-button--start']]
2023-12-19 02:12:385 INFO  ReasonForTravelPage :36 - selectReason [[ChromeDriver: chrome on windows (79b943c164029724e58008a587fbe2ef)] -> id: response-1]
2023-12-19 02:12:737 INFO  ReasonForTravelPage :57 - verifyText [[ChromeDriver: chrome on windows (79b943c164029724e58008a587fbe2ef)] -> xpath: //h2[normalize-space()='You will not need a visa to come to the UK']]
2023-12-19 02:12:906 INFO  StartPage :33 - clickOnStart: [[ChromeDriver: chrome on windows (59b50cd96691950a69e5906dfb393676)] -> xpath: //a[@class='gem-c-button govuk-button govuk-button--start']]
2023-12-19 02:12:955 INFO  ReasonForTravelPage :36 - selectReason [[ChromeDriver: chrome on windows (59b50cd96691950a69e5906dfb393676)] -> id: response-1]
2023-12-19 02:12:16 INFO  DurationOfStayPage :21 - selectIntentionToStay [[ChromeDriver: chrome on windows (59b50cd96691950a69e5906dfb393676)] -> id: response-1]
2023-12-19 02:12:256 INFO  WorkTypePage :31 - selectPlanningToWork: [[ChromeDriver: chrome on windows (59b50cd96691950a69e5906dfb393676)] -> id: response-0]
2023-12-19 02:12:644 INFO  WorkTypePage :39 - verifyTextVisaToWork: [[ChromeDriver: chrome on windows (59b50cd96691950a69e5906dfb393676)] -> css selector: body > div:nth-child(6) > div:nth-child(1) > main:nth-child(1) > div:nth-child(1) > div:nth-child(1) > div:nth-child(2) > div:nth-child(1) > h2:nth-child(1)]
2023-12-19 02:12:763 INFO  StartPage :33 - clickOnStart: [[ChromeDriver: chrome on windows (a0c0708f2b8458a7bc209a65bd7d6db9)] -> xpath: //a[@class='gem-c-button govuk-button govuk-button--start']]
2023-12-19 02:12:290 INFO  ReasonForTravelPage :36 - selectReason [[ChromeDriver: chrome on windows (a0c0708f2b8458a7bc209a65bd7d6db9)] -> id: response-1]
2023-12-19 02:12:647 INFO  WorkTypePage :43 - verifyYouMayNeedVisa: [[ChromeDriver: chrome on windows (a0c0708f2b8458a7bc209a65bd7d6db9)] -> css selector: body div[id='wrapper'] div[class='smart_answer'] main[id='content'] div[class='govuk-grid-row'] div[id='result-info'] div[data-flow-name='check-uk-visa'] div[class='govuk-!-margin-bottom-6'] h2:nth-child(1)]
